"../../../../../../Users/132401/Documents/GitHub/Wizard_game/Content/Maps/Main_Menu_Widget.uasset" 0
"../../../../../../Users/132401/Documents/GitHub/Wizard_game/Content/FirstPerson/Character/Textures/UE4_LOGO_CARD.uasset" 1
"../../../../../../Users/132401/Documents/GitHub/Wizard_game/Content/FirstPerson/FPWeapon/Materials/MaterialLayers/ML_Plastic_Shiny_Beige_LOGO.uasset" 2
"../../../../../../Users/132401/Documents/GitHub/Wizard_game/Content/FirstPerson/FPWeapon/Materials/MaterialLayers/T_ML_FineRubber.uasset" 3
"../../../../../../Users/132401/Documents/GitHub/Wizard_game/Content/FirstPerson/FPWeapon/Mesh/SK_FPGun_PhysicsAsset.uasset" 4
"../../../../../../Users/132401/Documents/GitHub/Wizard_game/Content/FirstPersonBP/ammo_boardempty.uasset" 5
"../../../../../../Users/132401/Documents/GitHub/Wizard_game/Content/FirstPersonBP/Empty_Vial.uasset" 6
"../../../../../../Users/132401/Documents/GitHub/Wizard_game/Content/FirstPerson/Textures/FirstPersonCrosshair.uasset" 7
"../../../../../../Users/132401/Documents/GitHub/Wizard_game/Content/FirstPersonBP/Blueprints/FirstPersonHUD.uasset" 8
"../../../../../../Users/132401/Documents/GitHub/Wizard_game/Content/FirstPerson/Character/Mesh/SK_Mannequin_Arms_Skeleton.uasset" 9
"../../../../../../Users/132401/Documents/GitHub/Wizard_game/Content/FirstPerson/Animations/FirstPerson_Idle.uasset" 10
"../../../../../../Users/132401/Documents/GitHub/Wizard_game/Content/FirstPerson/Animations/FirstPerson_JumpEnd.uasset" 11
"../../../../../../Users/132401/Documents/GitHub/Wizard_game/Content/FirstPerson/Animations/FirstPerson_JumpLoop.uasset" 12
"../../../../../../Users/132401/Documents/GitHub/Wizard_game/Content/FirstPerson/Animations/FirstPerson_JumpStart.uasset" 13
"../../../../../../Users/132401/Documents/GitHub/Wizard_game/Content/FirstPerson/Animations/FirstPerson_Run.uasset" 14
"../../../Engine/Content/EditorBlueprintResources/StandardMacros.uasset" 15
"../../../../../../Users/132401/Documents/GitHub/Wizard_game/Content/FirstPerson/Animations/FirstPerson_AnimBP.uasset" 16
"../../../../../../Users/132401/Documents/GitHub/Wizard_game/Content/FirstPerson/Animations/FirstPerson_Fire.uasset" 17
"../../../../../../Users/132401/Documents/GitHub/Wizard_game/Content/FirstPerson/Animations/FirstPersonFire_Montage.uasset" 18
"../../../../../../Users/132401/Documents/GitHub/Wizard_game/Content/FirstPerson/Meshes/BaseMaterial.uasset" 19
"../../../../../../Users/132401/Documents/GitHub/Wizard_game/Content/FirstPerson/Meshes/FirstPersonProjectileMaterial.uasset" 20
"../../../../../../Users/132401/Documents/GitHub/Wizard_game/Content/FirstPerson/Meshes/FirstPersonProjectileMesh.uasset" 21
"../../../../../../Users/132401/Documents/GitHub/Wizard_game/Content/FirstPersonBP/Blueprints/FirstPersonProjectile.uasset" 22
"../../../../../../Users/132401/Documents/GitHub/Wizard_game/Content/FirstPersonBP/cryinginternally/Interact/Interact_Interface.uasset" 23
"../../../../../../Users/132401/Documents/GitHub/Wizard_game/Content/FirstPerson/Audio/FirstPersonTemplateWeaponFire02.uasset" 24
"../../../Engine/Content/Functions/Engine_MaterialFunctions02/Utility/BlendAngleCorrectedNormals.uasset" 25
"../../../Engine/Content/Functions/MaterialLayerFunctions/MatLayerBlend_NormalBlend.uasset" 26
"../../../Engine/Content/Functions/MaterialLayerFunctions/MatLayerBlend_Simple.uasset" 27
"../../../../../../Users/132401/Documents/GitHub/Wizard_game/Content/FirstPerson/Character/Materials/MaterialLayers/T_ML_Rubber_Blue_01_D.uasset" 28
"../../../../../../Users/132401/Documents/GitHub/Wizard_game/Content/FirstPerson/Character/Materials/MaterialLayers/T_ML_Rubber_Blue_01_N.uasset" 29
"../../../../../../Users/132401/Documents/GitHub/Wizard_game/Content/FirstPerson/Character/Materials/MaterialLayers/ML_GlossyBlack_Latex_UE4.uasset" 30
"../../../../../../Users/132401/Documents/GitHub/Wizard_game/Content/FirstPerson/Character/Materials/MaterialLayers/ML_Plastic_Shiny_Beige.uasset" 31
"../../../../../../Users/132401/Documents/GitHub/Wizard_game/Content/FirstPerson/Character/Materials/MaterialLayers/ML_Plastic_Shiny_Beige_LOGO.uasset" 32
"../../../../../../Users/132401/Documents/GitHub/Wizard_game/Content/FirstPerson/Character/Materials/MaterialLayers/T_ML_Aluminum01.uasset" 33
"../../../../../../Users/132401/Documents/GitHub/Wizard_game/Content/FirstPerson/Character/Materials/MaterialLayers/T_ML_Aluminum01_N.uasset" 34
"../../../../../../Users/132401/Documents/GitHub/Wizard_game/Content/FirstPerson/Character/Materials/MaterialLayers/ML_SoftMetal_UE4.uasset" 35
"../../../../../../Users/132401/Documents/GitHub/Wizard_game/Content/FirstPerson/Character/Textures/UE4_Mannequin__normals.uasset" 36
"../../../../../../Users/132401/Documents/GitHub/Wizard_game/Content/FirstPerson/Character/Textures/UE4_Mannequin_MAT_MASKA.uasset" 37
"../../../../../../Users/132401/Documents/GitHub/Wizard_game/Content/FirstPerson/Character/Materials/M_UE4Man_Body.uasset" 38
"../../../../../../Users/132401/Documents/GitHub/Wizard_game/Content/FirstPerson/Character/Mesh/SK_Mannequin_Arms_PhysicsAsset.uasset" 39
"../../../../../../Users/132401/Documents/GitHub/Wizard_game/Content/FirstPerson/Character/Mesh/SK_Mannequin_Arms.uasset" 40
"../../../../../../Users/132401/Documents/GitHub/Wizard_game/Content/FirstPerson/FPWeapon/Materials/MaterialLayers/T_ML_Rubber_Blue_01_D.uasset" 41
"../../../../../../Users/132401/Documents/GitHub/Wizard_game/Content/FirstPerson/FPWeapon/Materials/MaterialLayers/T_ML_Rubber_Blue_01_N.uasset" 42
"../../../../../../Users/132401/Documents/GitHub/Wizard_game/Content/FirstPerson/FPWeapon/Materials/MaterialLayers/ML_GlossyBlack_Latex_UE4.uasset" 43
"../../../../../../Users/132401/Documents/GitHub/Wizard_game/Content/FirstPerson/FPWeapon/Materials/MaterialLayers/ML_Plastic_Shiny_Beige.uasset" 44
"../../../../../../Users/132401/Documents/GitHub/Wizard_game/Content/FirstPerson/FPWeapon/Materials/MaterialLayers/ML_Screen.uasset" 45
"../../../../../../Users/132401/Documents/GitHub/Wizard_game/Content/FirstPerson/FPWeapon/Materials/MaterialLayers/T_ML_Aluminum01.uasset" 46
"../../../../../../Users/132401/Documents/GitHub/Wizard_game/Content/FirstPerson/FPWeapon/Materials/MaterialLayers/T_ML_Aluminum01_N.uasset" 47
"../../../../../../Users/132401/Documents/GitHub/Wizard_game/Content/FirstPerson/FPWeapon/Materials/MaterialLayers/ML_SoftMetal_UE4.uasset" 48
"../../../../../../Users/132401/Documents/GitHub/Wizard_game/Content/FirstPerson/FPWeapon/Textures/T_FPGun_M.uasset" 49
"../../../../../../Users/132401/Documents/GitHub/Wizard_game/Content/FirstPerson/FPWeapon/Textures/T_FPGun_N.uasset" 50
"../../../../../../Users/132401/Documents/GitHub/Wizard_game/Content/FirstPerson/FPWeapon/Materials/M_FPGun.uasset" 51
"../../../../../../Users/132401/Documents/GitHub/Wizard_game/Content/FirstPerson/FPWeapon/Mesh/SK_FPGun_Skeleton.uasset" 52
"../../../../../../Users/132401/Documents/GitHub/Wizard_game/Content/FirstPerson/FPWeapon/Mesh/SK_FPGun.uasset" 53
"../../../../../../Users/132401/Documents/GitHub/Wizard_game/Content/Fonts/CUBIC.uasset" 54
"../../../../../../Users/132401/Documents/GitHub/Wizard_game/Content/Fonts/CUBIC_Font.uasset" 55
"../../../../../../Users/132401/Documents/GitHub/Wizard_game/Content/FirstPersonBP/ammo_board.uasset" 56
"../../../../../../Users/132401/Documents/GitHub/Wizard_game/Content/FirstPersonBP/Ammo_Widget_Hud.uasset" 57
"../../../../../../Users/132401/Documents/GitHub/Wizard_game/Content/FirstPersonBP/Blueprints/FirstPersonCharacter.uasset" 58
"../../../../../../Users/132401/Documents/GitHub/Wizard_game/Content/Bases/Ebase.uasset" 59
"../../../../../../Users/132401/Documents/GitHub/Wizard_game/Content/Bases/E_Blue.uasset" 60
"../../../Engine/Content/Functions/Engine_MaterialFunctions01/Opacity/CameraDepthFade.uasset" 61
"../../../Engine/Content/EngineMaterials/T_Default_Material_Grid_M.uasset" 62
"../../../Engine/Content/EngineMaterials/T_Default_Material_Grid_N.uasset" 63
"../../../Engine/Content/EngineMaterials/DefaultMaterial.uasset" 64
"../../../Engine/Content/BasicShapes/Sphere.uasset" 65
"../../../../../../Users/132401/Documents/GitHub/Wizard_game/Content/FirstPersonBP/Blueprints/Mana_Pickup.uasset" 66
"../../../../../../Users/132401/Documents/GitHub/Wizard_game/Content/FirstPersonBP/cryinginternally/Item/Item.uasset" 67
"../../../../../../Users/132401/Documents/GitHub/Wizard_game/Content/FirstPersonBP/cryinginternally/ItemStructure.uasset" 68
"../../../../../../Users/132401/Documents/GitHub/Wizard_game/Content/Bases/E_Green.uasset" 69
"../../../../../../Users/132401/Documents/GitHub/Wizard_game/Content/Geometry/Meshes/CubeMaterial.uasset" 70
"../../../../../../Users/132401/Documents/GitHub/Wizard_game/Content/Geometry/Meshes/1M_Cube_Chamfer.uasset" 71
"../../../../../../Users/132401/Documents/GitHub/Wizard_game/Content/FirstPersonBP/cubes/orangecube/tolevel2.uasset" 72
"../../../Engine/Content/EngineMaterials/WorldGridMaterial.uasset" 73
"../../../../../../Users/132401/Documents/GitHub/Wizard_game/Content/Geometry/Meshes/bruh.uasset" 74
"../../../../../../Users/132401/Documents/GitHub/Wizard_game/Content/Geometry/Meshes/TemplateFloor.uasset" 75
"../../../../../../Users/132401/Documents/GitHub/Wizard_game/Content/StarterContent/Architecture/StarterContent/Materials/M_Basic_Wall.uasset" 76
"../../../../../../Users/132401/Documents/GitHub/Wizard_game/Content/StarterContent/Architecture/StarterContent/Architecture/Pillar_50x500.uasset" 77
"../../../../../../Users/132401/Documents/GitHub/Wizard_game/Content/StarterContent/Architecture/StarterContent/Architecture/Wall_400x300.uasset" 78
"../../../../../../Users/132401/Documents/GitHub/Wizard_game/Content/StarterContent/Architecture/StarterContent/Architecture/Wall_400x400.uasset" 79
"../../../../../../Users/132401/Documents/GitHub/Wizard_game/Content/StarterContent/Architecture/StarterContent/Architecture/Wall_500x500.uasset" 80
"../../../../../../Users/132401/Documents/GitHub/Wizard_game/Content/StarterContent/Architecture/StarterContent/Architecture/Wall_Door_400x400.uasset" 81
"../../../../../../Users/132401/Documents/GitHub/Wizard_game/Content/StarterContent/Architecture/StarterContent/Architecture/Wall_Window_400x400.uasset" 82
"../../../../../../Users/132401/Documents/GitHub/Wizard_game/Content/StarterContent/Architecture/StarterContent/Audio/Light01.uasset" 83
"../../../../../../Users/132401/Documents/GitHub/Wizard_game/Content/StarterContent/Architecture/StarterContent/Audio/Light01_Cue.uasset" 84
"../../../../../../Users/132401/Documents/GitHub/Wizard_game/Content/StarterContent/Architecture/StarterContent/Audio/Light02.uasset" 85
"../../../../../../Users/132401/Documents/GitHub/Wizard_game/Content/StarterContent/Architecture/StarterContent/Audio/Light02_Cue.uasset" 86
"../../../../../../Users/132401/Documents/GitHub/Wizard_game/Content/StarterContent/Architecture/StarterContent/Audio/Explosion01.uasset" 87
"../../../../../../Users/132401/Documents/GitHub/Wizard_game/Content/StarterContent/Architecture/StarterContent/Audio/Explosion02.uasset" 88
"../../../../../../Users/132401/Documents/GitHub/Wizard_game/Content/StarterContent/Architecture/StarterContent/Audio/Explosion_Cue.uasset" 89
"../../../../../../Users/132401/Documents/GitHub/Wizard_game/Content/StarterContent/Architecture/StarterContent/Particles/Materials/M_Burst.uasset" 90
"../../../../../../Users/132401/Documents/GitHub/Wizard_game/Content/StarterContent/Architecture/StarterContent/Particles/Materials/M_explosion_subUV.uasset" 91
"../../../../../../Users/132401/Documents/GitHub/Wizard_game/Content/StarterContent/Architecture/StarterContent/Particles/Materials/m_flare_01.uasset" 92
"../../../Engine/Content/Functions/Engine_MaterialFunctions01/Gradient/RadialGradient.uasset" 93
"../../../../../../Users/132401/Documents/GitHub/Wizard_game/Content/StarterContent/Architecture/StarterContent/Particles/Materials/M_radial_ramp.uasset" 94
"../../../../../../Users/132401/Documents/GitHub/Wizard_game/Content/StarterContent/Architecture/StarterContent/Particles/Materials/M_smoke_subUV.uasset" 95
"../../../../../../Users/132401/Documents/GitHub/Wizard_game/Content/StarterContent/Architecture/StarterContent/Particles/P_Explosion.uasset" 96
"../../../../../../Users/132401/Documents/GitHub/Wizard_game/Content/StarterContent/Architecture/StarterContent/Blueprints/Blueprint_Effect_Explosion.uasset" 97
"../../../Engine/Content/EditorMeshes/ColorCalibrator/T_ColorGrid.uasset" 98
"../../../../../../Users/132401/Documents/GitHub/Wizard_game/Content/StarterContent/Architecture/StarterContent/Materials/M_ColorGrid_LowSpec.uasset" 99
"../../../../../../Users/132401/Documents/GitHub/Wizard_game/Content/StarterContent/Architecture/StarterContent/Materials/M_Glass.uasset" 100
"../../../../../../Users/132401/Documents/GitHub/Wizard_game/Content/StarterContent/Architecture/StarterContent/Props/SM_Bush.uasset" 101
"../../../../../../Users/132401/Documents/GitHub/Wizard_game/Content/StarterContent/Textures/T_Chair_M.uasset" 102
"../../../../../../Users/132401/Documents/GitHub/Wizard_game/Content/StarterContent/Textures/T_Chair_N.uasset" 103
"../../../../../../Users/132401/Documents/GitHub/Wizard_game/Content/StarterContent/Props/Materials/M_Chair.uasset" 104
"../../../../../../Users/132401/Documents/GitHub/Wizard_game/Content/StarterContent/Props/SM_Chair.uasset" 105
"../../../../../../Users/132401/Documents/GitHub/Wizard_game/Content/StarterContent/Textures/T_Frame_M.uasset" 106
"../../../../../../Users/132401/Documents/GitHub/Wizard_game/Content/StarterContent/Textures/T_Frame_N.uasset" 107
"../../../../../../Users/132401/Documents/GitHub/Wizard_game/Content/StarterContent/Props/Materials/M_Frame.uasset" 108
"../../../../../../Users/132401/Documents/GitHub/Wizard_game/Content/StarterContent/Props/SM_CornerFrame.uasset" 109
"../../../../../../Users/132401/Documents/GitHub/Wizard_game/Content/StarterContent/Props/SM_Couch.uasset" 110
"../../../../../../Users/132401/Documents/GitHub/Wizard_game/Content/StarterContent/Textures/T_Door_M.uasset" 111
"../../../../../../Users/132401/Documents/GitHub/Wizard_game/Content/StarterContent/Textures/T_Door_N.uasset" 112
"../../../../../../Users/132401/Documents/GitHub/Wizard_game/Content/StarterContent/Props/Materials/M_Door.uasset" 113
"../../../../../../Users/132401/Documents/GitHub/Wizard_game/Content/StarterContent/Props/SM_Door.uasset" 114
"../../../../../../Users/132401/Documents/GitHub/Wizard_game/Content/StarterContent/Props/SM_DoorFrame.uasset" 115
"../../../../../../Users/132401/Documents/GitHub/Wizard_game/Content/StarterContent/Props/SM_GlassWindow.uasset" 116
"../../../../../../Users/132401/Documents/GitHub/Wizard_game/Content/StarterContent/Textures/T_Lamp_M.uasset" 117
"../../../../../../Users/132401/Documents/GitHub/Wizard_game/Content/StarterContent/Textures/T_Lamp_N.uasset" 118
"../../../../../../Users/132401/Documents/GitHub/Wizard_game/Content/StarterContent/Props/Materials/M_Lamp.uasset" 119
"../../../../../../Users/132401/Documents/GitHub/Wizard_game/Content/StarterContent/Props/SM_Lamp_Ceiling.uasset" 120
"../../../../../../Users/132401/Documents/GitHub/Wizard_game/Content/StarterContent/Props/SM_Lamp_Wall.uasset" 121
"../../../../../../Users/132401/Documents/GitHub/Wizard_game/Content/StarterContent/Props/Materials/M_MaterialSphere.uasset" 122
"../../../../../../Users/132401/Documents/GitHub/Wizard_game/Content/StarterContent/Props/Materials/M_MaterialSphere_Plain.uasset" 123
"../../../../../../Users/132401/Documents/GitHub/Wizard_game/Content/StarterContent/Props/SM_MatPreviewMesh_02.uasset" 124
"../../../../../../Users/132401/Documents/GitHub/Wizard_game/Content/StarterContent/Props/SM_PillarFrame.uasset" 125
"../../../../../../Users/132401/Documents/GitHub/Wizard_game/Content/StarterContent/Props/SM_PillarFrame300.uasset" 126
"../../../../../../Users/132401/Documents/GitHub/Wizard_game/Content/StarterContent/Textures/T_Detail_Rocky_N.uasset" 127
"../../../../../../Users/132401/Documents/GitHub/Wizard_game/Content/StarterContent/Textures/T_Rock_Basalt_D.uasset" 128
"../../../../../../Users/132401/Documents/GitHub/Wizard_game/Content/StarterContent/Textures/T_RockMesh_M.uasset" 129
"../../../../../../Users/132401/Documents/GitHub/Wizard_game/Content/StarterContent/Textures/T_RockMesh_N.uasset" 130
"../../../../../../Users/132401/Documents/GitHub/Wizard_game/Content/StarterContent/Props/Materials/M_Rock.uasset" 131
"../../../../../../Users/132401/Documents/GitHub/Wizard_game/Content/StarterContent/Props/SM_Rock.uasset" 132
"../../../../../../Users/132401/Documents/GitHub/Wizard_game/Content/StarterContent/Textures/T_Shelf_M.uasset" 133
"../../../../../../Users/132401/Documents/GitHub/Wizard_game/Content/StarterContent/Textures/T_Shelf_N.uasset" 134
"../../../../../../Users/132401/Documents/GitHub/Wizard_game/Content/StarterContent/Props/Materials/M_Shelf.uasset" 135
"../../../../../../Users/132401/Documents/GitHub/Wizard_game/Content/StarterContent/Props/SM_Shelf.uasset" 136
"../../../../../../Users/132401/Documents/GitHub/Wizard_game/Content/StarterContent/Props/SM_Stairs.uasset" 137
"../../../../../../Users/132401/Documents/GitHub/Wizard_game/Content/StarterContent/Textures/T_Statue_M.uasset" 138
"../../../../../../Users/132401/Documents/GitHub/Wizard_game/Content/StarterContent/Textures/T_Statue_N.uasset" 139
"../../../../../../Users/132401/Documents/GitHub/Wizard_game/Content/StarterContent/Props/Materials/M_Statue.uasset" 140
"../../../../../../Users/132401/Documents/GitHub/Wizard_game/Content/StarterContent/Props/Materials/M_StatueGlass.uasset" 141
"../../../../../../Users/132401/Documents/GitHub/Wizard_game/Content/StarterContent/Props/SM_Statue.uasset" 142
"../../../../../../Users/132401/Documents/GitHub/Wizard_game/Content/StarterContent/Textures/T_TableRound_M.uasset" 143
"../../../../../../Users/132401/Documents/GitHub/Wizard_game/Content/StarterContent/Textures/T_TableRound_N.uasset" 144
"../../../../../../Users/132401/Documents/GitHub/Wizard_game/Content/StarterContent/Props/Materials/M_TableRound.uasset" 145
"../../../../../../Users/132401/Documents/GitHub/Wizard_game/Content/StarterContent/Props/SM_TableRound.uasset" 146
"../../../../../../Users/132401/Documents/GitHub/Wizard_game/Content/StarterContent/Props/SM_WindowFrame.uasset" 147
"../../../../../../Users/132401/Documents/GitHub/Wizard_game/Content/StarterContent/Textures/T_Bush_D.uasset" 148
"../../../../../../Users/132401/Documents/GitHub/Wizard_game/Content/StarterContent/Textures/T_Bush_N.uasset" 149
"../../../../../../Users/132401/Documents/GitHub/Wizard_game/Content/StarterContent/Props/Materials/M_Bush.uasset" 150
"../../../../../../Users/132401/Documents/GitHub/Wizard_game/Content/StarterContent/Shapes/Shape_Cone.uasset" 151
"../../../../../../Users/132401/Documents/GitHub/Wizard_game/Content/StarterContent/Shapes/Shape_Cube.uasset" 152
"../../../../../../Users/132401/Documents/GitHub/Wizard_game/Content/StarterContent/Shapes/Shape_Cylinder.uasset" 153
"../../../../../../Users/132401/Documents/GitHub/Wizard_game/Content/StarterContent/Shapes/Shape_NarrowCapsule.uasset" 154
"../../../../../../Users/132401/Documents/GitHub/Wizard_game/Content/StarterContent/Shapes/Shape_Pipe.uasset" 155
"../../../../../../Users/132401/Documents/GitHub/Wizard_game/Content/StarterContent/Shapes/Shape_Pipe_180.uasset" 156
"../../../../../../Users/132401/Documents/GitHub/Wizard_game/Content/StarterContent/Shapes/Shape_Pipe_90.uasset" 157
"../../../../../../Users/132401/Documents/GitHub/Wizard_game/Content/StarterContent/Shapes/Shape_Plane.uasset" 158
"../../../../../../Users/132401/Documents/GitHub/Wizard_game/Content/StarterContent/Shapes/Shape_QuadPyramid.uasset" 159
"../../../../../../Users/132401/Documents/GitHub/Wizard_game/Content/StarterContent/Shapes/Shape_Sphere.uasset" 160
"../../../../../../Users/132401/Documents/GitHub/Wizard_game/Content/StarterContent/Shapes/Shape_Torus.uasset" 161
"../../../../../../Users/132401/Documents/GitHub/Wizard_game/Content/StarterContent/Shapes/Shape_Trim.uasset" 162
"../../../../../../Users/132401/Documents/GitHub/Wizard_game/Content/StarterContent/Shapes/Shape_Trim_90_In.uasset" 163
"../../../../../../Users/132401/Documents/GitHub/Wizard_game/Content/StarterContent/Shapes/Shape_Trim_90_Out.uasset" 164
"../../../../../../Users/132401/Documents/GitHub/Wizard_game/Content/StarterContent/Shapes/Shape_TriPyramid.uasset" 165
"../../../../../../Users/132401/Documents/GitHub/Wizard_game/Content/StarterContent/Shapes/Shape_Tube.uasset" 166
"../../../../../../Users/132401/Documents/GitHub/Wizard_game/Content/StarterContent/Shapes/Shape_Wedge_A.uasset" 167
"../../../../../../Users/132401/Documents/GitHub/Wizard_game/Content/StarterContent/Shapes/Shape_Wedge_B.uasset" 168
"../../../../../../Users/132401/Documents/GitHub/Wizard_game/Content/StarterContent/Shapes/Shape_WideCapsule.uasset" 169
"../../../../../../Users/132401/Documents/GitHub/Wizard_game/Content/StarterContent/Stone_wall_m_maps/Black_Stone_wall.uasset" 170
"../../../../../../Users/132401/Documents/GitHub/Wizard_game/Content/StarterContent/Stone_wall_m_maps/Grey_Stone_wall.uasset" 171
"../../../../../../Users/132401/Documents/GitHub/Wizard_game/Content/StarterContent/Stone_wall_m_maps/White_Stone_wall.uasset" 172
"../../../../../../Users/132401/Documents/GitHub/Wizard_game/Content/StarterContent/Textures/T_Brick_Clay_Beveled_D.uasset" 173
"../../../../../../Users/132401/Documents/GitHub/Wizard_game/Content/StarterContent/Textures/T_Brick_Clay_Beveled_M.uasset" 174
"../../../../../../Users/132401/Documents/GitHub/Wizard_game/Content/StarterContent/Textures/T_Brick_Clay_Beveled_N.uasset" 175
"../../../../../../Users/132401/Documents/GitHub/Wizard_game/Content/StarterContent/Textures/T_Brick_Clay_New_D.uasset" 176
"../../../../../../Users/132401/Documents/GitHub/Wizard_game/Content/StarterContent/Textures/T_Brick_Clay_New_M.uasset" 177
"../../../../../../Users/132401/Documents/GitHub/Wizard_game/Content/StarterContent/Textures/T_Brick_Clay_New_N.uasset" 178
"../../../../../../Users/132401/Documents/GitHub/Wizard_game/Content/StarterContent/Textures/T_Brick_Clay_Old_D.uasset" 179
"../../../../../../Users/132401/Documents/GitHub/Wizard_game/Content/StarterContent/Textures/T_Brick_Clay_Old_N.uasset" 180
"../../../../../../Users/132401/Documents/GitHub/Wizard_game/Content/StarterContent/Textures/T_Brick_Cut_Stone_D.uasset" 181
"../../../../../../Users/132401/Documents/GitHub/Wizard_game/Content/StarterContent/Textures/T_Brick_Cut_Stone_N.uasset" 182
"../../../../../../Users/132401/Documents/GitHub/Wizard_game/Content/StarterContent/Textures/T_Brick_Hewn_Stone_D.uasset" 183
"../../../../../../Users/132401/Documents/GitHub/Wizard_game/Content/StarterContent/Textures/T_Brick_Hewn_Stone_M.uasset" 184
"../../../../../../Users/132401/Documents/GitHub/Wizard_game/Content/StarterContent/Textures/T_Brick_Hewn_Stone_N.uasset" 185
"../../../../../../Users/132401/Documents/GitHub/Wizard_game/Content/StarterContent/Textures/T_Burst_M.uasset" 186
"../../../../../../Users/132401/Documents/GitHub/Wizard_game/Content/StarterContent/Textures/T_Ceramic_Tile_M.uasset" 187
"../../../../../../Users/132401/Documents/GitHub/Wizard_game/Content/StarterContent/Textures/T_Ceramic_Tile_N.uasset" 188
"../../../../../../Users/132401/Documents/GitHub/Wizard_game/Content/StarterContent/Textures/T_Checker_Noise_M.uasset" 189
"../../../../../../Users/132401/Documents/GitHub/Wizard_game/Content/StarterContent/Textures/T_CobbleStone_Pebble_D.uasset" 190
"../../../../../../Users/132401/Documents/GitHub/Wizard_game/Content/StarterContent/Textures/T_CobbleStone_Pebble_M.uasset" 191
"../../../../../../Users/132401/Documents/GitHub/Wizard_game/Content/StarterContent/Textures/T_CobbleStone_Pebble_N.uasset" 192
"../../../../../../Users/132401/Documents/GitHub/Wizard_game/Content/StarterContent/Textures/T_CobbleStone_Rough_D.uasset" 193
"../../../../../../Users/132401/Documents/GitHub/Wizard_game/Content/StarterContent/Textures/T_CobbleStone_Rough_N.uasset" 194
"../../../../../../Users/132401/Documents/GitHub/Wizard_game/Content/StarterContent/Textures/T_CobbleStone_Smooth_D.uasset" 195
"../../../../../../Users/132401/Documents/GitHub/Wizard_game/Content/StarterContent/Textures/T_CobbleStone_Smooth_M.uasset" 196
"../../../../../../Users/132401/Documents/GitHub/Wizard_game/Content/StarterContent/Textures/T_CobbleStone_Smooth_N.uasset" 197
"../../../../../../Users/132401/Documents/GitHub/Wizard_game/Content/StarterContent/Textures/T_Concrete_Grime_D.uasset" 198
"../../../../../../Users/132401/Documents/GitHub/Wizard_game/Content/StarterContent/Textures/T_Concrete_Panels_D.uasset" 199
"../../../../../../Users/132401/Documents/GitHub/Wizard_game/Content/StarterContent/Textures/T_Concrete_Panels_N.uasset" 200
"../../../../../../Users/132401/Documents/GitHub/Wizard_game/Content/StarterContent/Textures/T_Concrete_Poured_D.uasset" 201
"../../../../../../Users/132401/Documents/GitHub/Wizard_game/Content/StarterContent/Textures/T_Concrete_Poured_N.uasset" 202
"../../../../../../Users/132401/Documents/GitHub/Wizard_game/Content/StarterContent/Textures/T_Concrete_Tiles_D.uasset" 203
"../../../../../../Users/132401/Documents/GitHub/Wizard_game/Content/StarterContent/Textures/T_Concrete_Tiles_M.uasset" 204
"../../../../../../Users/132401/Documents/GitHub/Wizard_game/Content/StarterContent/Textures/T_Concrete_Tiles_N.uasset" 205
"../../../../../../Users/132401/Documents/GitHub/Wizard_game/Content/StarterContent/Textures/T_Concrete_Tiles_Variation_M.uasset" 206
"../../../../../../Users/132401/Documents/GitHub/Wizard_game/Content/StarterContent/Textures/T_Dust_Particle_D.uasset" 207
"../../../../../../Users/132401/Documents/GitHub/Wizard_game/Content/StarterContent/Textures/T_Explosion_SubUV.uasset" 208
"../../../../../../Users/132401/Documents/GitHub/Wizard_game/Content/StarterContent/Textures/T_Fire_SubUV.uasset" 209
"../../../../../../Users/132401/Documents/GitHub/Wizard_game/Content/StarterContent/Textures/T_Fire_Tiled_D.uasset" 210
"../../../../../../Users/132401/Documents/GitHub/Wizard_game/Content/StarterContent/Textures/T_Gradinet_01.uasset" 211
"../../../../../../Users/132401/Documents/GitHub/Wizard_game/Content/StarterContent/Textures/T_Ground_Grass_D.uasset" 212
"../../../../../../Users/132401/Documents/GitHub/Wizard_game/Content/StarterContent/Textures/T_Ground_Grass_N.uasset" 213
"../../../../../../Users/132401/Documents/GitHub/Wizard_game/Content/StarterContent/Textures/T_Ground_Gravel_D.uasset" 214
"../../../../../../Users/132401/Documents/GitHub/Wizard_game/Content/StarterContent/Textures/T_Ground_Gravel_N.uasset" 215
"../../../../../../Users/132401/Documents/GitHub/Wizard_game/Content/StarterContent/Textures/T_ground_Moss_D.uasset" 216
"../../../../../../Users/132401/Documents/GitHub/Wizard_game/Content/StarterContent/Textures/T_Ground_Moss_N.uasset" 217
"../../../../../../Users/132401/Documents/GitHub/Wizard_game/Content/StarterContent/Textures/T_MacroVariation.uasset" 218
"../../../../../../Users/132401/Documents/GitHub/Wizard_game/Content/StarterContent/Textures/T_Metal_Aluminum_D.uasset" 219
"../../../../../../Users/132401/Documents/GitHub/Wizard_game/Content/StarterContent/Textures/T_Metal_Copper_D.uasset" 220
"../../../../../../Users/132401/Documents/GitHub/Wizard_game/Content/StarterContent/Textures/T_Metal_Gold_D.uasset" 221
"../../../../../../Users/132401/Documents/GitHub/Wizard_game/Content/StarterContent/Textures/T_Metal_Gold_N.uasset" 222
"../../../../../../Users/132401/Documents/GitHub/Wizard_game/Content/StarterContent/Textures/T_Metal_Steel_D.uasset" 223
"../../../../../../Users/132401/Documents/GitHub/Wizard_game/Content/StarterContent/Textures/T_Metal_Steel_N.uasset" 224
"../../../../../../Users/132401/Documents/GitHub/Wizard_game/Content/StarterContent/Textures/T_Perlin_Noise_M.uasset" 225
"../../../../../../Users/132401/Documents/GitHub/Wizard_game/Content/StarterContent/Textures/T_Rock_Basalt_N.uasset" 226
"../../../../../../Users/132401/Documents/GitHub/Wizard_game/Content/StarterContent/Textures/T_Rock_Marble_Polished_D.uasset" 227
"../../../../../../Users/132401/Documents/GitHub/Wizard_game/Content/StarterContent/Textures/T_Rock_Sandstone_D.uasset" 228
"../../../../../../Users/132401/Documents/GitHub/Wizard_game/Content/StarterContent/Textures/T_Rock_Sandstone_N.uasset" 229
"../../../../../../Users/132401/Documents/GitHub/Wizard_game/Content/StarterContent/Textures/T_Rock_Slate_D.uasset" 230
"../../../../../../Users/132401/Documents/GitHub/Wizard_game/Content/StarterContent/Textures/T_Rock_Slate_N.uasset" 231
"../../../../../../Users/132401/Documents/GitHub/Wizard_game/Content/StarterContent/Textures/T_Rock_Smooth_Granite_D.uasset" 232
"../../../../../../Users/132401/Documents/GitHub/Wizard_game/Content/StarterContent/Textures/T_Single_Tile_N.uasset" 233
"../../../../../../Users/132401/Documents/GitHub/Wizard_game/Content/StarterContent/Textures/T_Smoke_SubUV.uasset" 234
"../../../../../../Users/132401/Documents/GitHub/Wizard_game/Content/StarterContent/Textures/T_Smoke_Tiled_D.uasset" 235
"../../../../../../Users/132401/Documents/GitHub/Wizard_game/Content/StarterContent/Textures/T_Spark_Core.uasset" 236
"../../../../../../Users/132401/Documents/GitHub/Wizard_game/Content/StarterContent/Textures/T_Tech_Dot_M.uasset" 237
"../../../../../../Users/132401/Documents/GitHub/Wizard_game/Content/StarterContent/Textures/T_Tech_Dot_N.uasset" 238
"../../../../../../Users/132401/Documents/GitHub/Wizard_game/Content/StarterContent/Textures/T_Tech_Hex_Tile_M.uasset" 239
"../../../../../../Users/132401/Documents/GitHub/Wizard_game/Content/StarterContent/Textures/T_Tech_Hex_Tile_N.uasset" 240
"../../../../../../Users/132401/Documents/GitHub/Wizard_game/Content/StarterContent/Textures/T_Tech_Panel_M.uasset" 241
"../../../../../../Users/132401/Documents/GitHub/Wizard_game/Content/StarterContent/Textures/T_Tech_Panel_N.uasset" 242
"../../../../../../Users/132401/Documents/GitHub/Wizard_game/Content/StarterContent/Textures/T_Water_M.uasset" 243
"../../../../../../Users/132401/Documents/GitHub/Wizard_game/Content/StarterContent/Textures/T_Water_N.uasset" 244
"../../../../../../Users/132401/Documents/GitHub/Wizard_game/Content/StarterContent/Textures/T_Wood_Floor_Walnut_D.uasset" 245
"../../../../../../Users/132401/Documents/GitHub/Wizard_game/Content/StarterContent/Textures/T_Wood_Floor_Walnut_M.uasset" 246
"../../../../../../Users/132401/Documents/GitHub/Wizard_game/Content/StarterContent/Textures/T_Wood_Floor_Walnut_N.uasset" 247
"../../../../../../Users/132401/Documents/GitHub/Wizard_game/Content/StarterContent/Textures/T_Wood_Pine_D.uasset" 248
"../../../../../../Users/132401/Documents/GitHub/Wizard_game/Content/StarterContent/Textures/T_Wood_Pine_N.uasset" 249
"../../../../../../Users/132401/Documents/GitHub/Wizard_game/Content/StarterContent/Textures/T_Wood_Walnut_D.uasset" 250
"../../../../../../Users/132401/Documents/GitHub/Wizard_game/Content/StarterContent/Textures/T_Wood_Walnut_N.uasset" 251
"../../../Engine/Content/ArtTools/RenderToTexture/Meshes/S_1_Unit_Plane.uasset" 252
"../../../Engine/Content/BasicShapes/Cone.uasset" 253
"../../../Engine/Content/BasicShapes/Cylinder.uasset" 254
"../../../Engine/Content/BasicShapes/Plane.uasset" 255
"../../../Engine/Content/EditorLandscapeResources/DataLayer.uasset" 256
"../../../Engine/Content/EditorMaterials/GizmoMaterial.uasset" 257
"../../../Engine/Content/EditorMaterials/MAT_Groups_Toggle.uasset" 258
"../../../Engine/Content/EditorMaterials/MAT_Groups_Visibility.uasset" 259
"../../../Engine/Content/EditorMaterials/PreviewShadowIndicator.uasset" 260
"../../../Engine/Content/EditorMaterials/PreviewShadowIndicatorMaterial.uasset" 261
"../../../Engine/Content/EditorMaterials/MatineeGroups/MAT_ColorTrack.uasset" 262
"../../../Engine/Content/EditorMaterials/MatineeGroups/MAT_Groups_Anim.uasset" 263
"../../../Engine/Content/EditorMaterials/MatineeGroups/MAT_Groups_AudioMaster.uasset" 264
"../../../Engine/Content/EditorMaterials/MatineeGroups/MAT_Groups_Director.uasset" 265
"../../../Engine/Content/EditorMaterials/MatineeGroups/MAT_Groups_Event.uasset" 266
"../../../Engine/Content/EditorMaterials/MatineeGroups/MAT_Groups_Fade.uasset" 267
"../../../Engine/Content/EditorMaterials/MatineeGroups/MAT_Groups_Float.uasset" 268
"../../../Engine/Content/EditorMaterials/MatineeGroups/MAT_Groups_Move.uasset" 269
"../../../Engine/Content/EditorMaterials/MatineeGroups/MAT_Groups_Slomo.uasset" 270
"../../../Engine/Content/EditorMaterials/MatineeGroups/MAT_Groups_Sound.uasset" 271
"../../../Engine/Content/EditorMaterials/MatineeGroups/MAT_Groups_Vector.uasset" 272
"../../../Engine/Content/EditorMaterials/ParticleSystems/PSysThumbnail_NoImage.uasset" 273
"../../../Engine/Content/EditorMaterials/ParticleSystems/PSysThumbnail_OOD.uasset" 274
"../../../Engine/Content/EditorMaterials/Camera/CineMat.uasset" 275
"../../../Engine/Content/EditorMaterials/Camera/MI_CineMat_Rig.uasset" 276
"../../../Engine/Content/EditorMeshes/Camera/SM_CraneRig_Arm.uasset" 277
"../../../Engine/Content/EditorMeshes/Camera/SM_CraneRig_Base.uasset" 278
"../../../Engine/Content/EditorMeshes/Camera/SM_CraneRig_Body.uasset" 279
"../../../Engine/Content/EditorMeshes/Camera/SM_CraneRig_Mount.uasset" 280
"../../../Engine/Content/EditorMeshes/Camera/SM_RailRig_Mount.uasset" 281
"../../../Engine/Content/EditorMeshes/Camera/SM_RailRig_Track.uasset" 282
"../../../Engine/Content/EditorResources/BSPVertex.uasset" 283
"../../../Engine/Content/EditorResources/EmptyActor.uasset" 284
"../../../Engine/Content/EditorResources/S_Actor.uasset" 285
"../../../Engine/Content/EditorResources/S_Trigger.uasset" 286
"../../../Engine/Content/EditorResources/AudioIcons/S_AudioComponent.uasset" 287
"../../../Engine/Content/EditorResources/AudioIcons/S_AudioComponent_AutoActivate.uasset" 288
"../../../Engine/Content/EditorResources/LightIcons/S_LightError.uasset" 289
"../../../Engine/Content/EditorResources/SequenceRecorder/Countdown.uasset" 290
"../../../Engine/Content/EditorResources/SequenceRecorder/RecordingIndicator.uasset" 291
"../../../Engine/Content/EditorSounds/Notifications/CompileFailed.uasset" 292
"../../../Engine/Content/EditorSounds/Notifications/CompileFailed_Cue.uasset" 293
"../../../Engine/Content/EditorSounds/Notifications/CompileSuccess.uasset" 294
"../../../Engine/Content/EditorSounds/Notifications/CompileStart_Cue.uasset" 295
"../../../Engine/Content/EditorSounds/Notifications/CompileSuccess_Cue.uasset" 296
"../../../Engine/Content/EngineDamageTypes/DmgTypeBP_Environmental.uasset" 297
"../../../Engine/Content/EngineDebugMaterials/HeatmapGradient.uasset" 298
"../../../Engine/Content/EngineDebugMaterials/BoneWeightMaterial.uasset" 299
"../../../Engine/Content/EngineDebugMaterials/ClothMaterial.uasset" 300
"../../../Engine/Content/EngineDebugMaterials/ClothMaterial_WF.uasset" 301
"../../../Engine/Content/EngineDebugMaterials/DebugEditorMaterial.uasset" 302
"../../../Engine/Content/EngineDebugMaterials/DebugMeshMaterial.uasset" 303
"../../../Engine/Content/EngineDebugMaterials/GeomMaterial.uasset" 304
"../../../Engine/Content/EngineDebugMaterials/M_SimpleTranslucent.uasset" 305
"../../../Engine/Content/EngineFonts/Faces/RobotoBold.uasset" 306
"../../../Engine/Content/EngineFonts/Faces/RobotoBoldItalic.uasset" 307
"../../../Engine/Content/EngineFonts/Faces/RobotoItalic.uasset" 308
"../../../Engine/Content/EngineFonts/Faces/RobotoLight.uasset" 309
"../../../Engine/Content/EngineFonts/Faces/RobotoRegular.uasset" 310
"../../../Engine/Content/EngineFonts/Roboto.uasset" 311
"../../../Engine/Content/EngineFonts/Faces/RobotoTiny.uasset" 312
"../../../Engine/Content/EngineFonts/RobotoTiny.uasset" 313
"../../../Engine/Content/EngineMaterials/BaseFlattenDiffuseMap.uasset" 314
"../../../Engine/Content/EngineMaterials/BaseFlattenEmissiveMap.uasset" 315
"../../../Engine/Content/EngineMaterials/BaseFlattenGrayscaleMap.uasset" 316
"../../../Engine/Content/EngineMaterials/BaseFlattenNormalMap.uasset" 317
"../../../Engine/Content/EngineMaterials/BaseFlattenMaterial.uasset" 318
"../../../Engine/Content/EngineMaterials/DefaultBloomKernel.uasset" 319
"../../../Engine/Content/EngineMaterials/DefaultBokeh.uasset" 320
"../../../Engine/Content/EngineMaterials/DefaultDiffuse.uasset" 321
"../../../Engine/Content/EngineMaterials/DefaultDeferredDecalMaterial.uasset" 322
"../../../Engine/Content/EngineMaterials/DefaultLightFunctionMaterial.uasset" 323
"../../../Engine/Content/EngineMaterials/DefaultPhysicalMaterial.uasset" 324
"../../../Engine/Content/Functions/Engine_MaterialFunctions02/Utility/BreakOutFloat2Components.uasset" 325
"../../../Engine/Content/EngineMaterials/DefaultPostProcessMaterial.uasset" 326
"../../../Engine/Content/EngineFonts/RobotoDistanceField.uasset" 327
"../../../Engine/Content/EngineMaterials/DefaultTextMaterialOpaque.uasset" 328
"../../../Engine/Content/EngineMaterials/DefaultWhiteGrid.uasset" 329
"../../../Engine/Content/EngineMaterials/EditorBrushMaterial.uasset" 330
"../../../Engine/Content/EngineMaterials/Good64x64TilingNoiseHighFreq.uasset" 331
"../../../Engine/Content/EngineMaterials/MiniFont.uasset" 332
"../../../Engine/Content/EngineMaterials/InvalidLightmapSettings.uasset" 333
"../../../Engine/Content/EngineMaterials/M_InvalidLightmapSettings.uasset" 334
"../../../Engine/Content/Functions/Engine_MaterialFunctions02/WorldPositionOffset/CameraOffset.uasset" 335
"../../../Engine/Content/EngineMaterials/PhAT_JointLimitMaterial.uasset" 336
"../../../Engine/Content/EngineMaterials/PreintegratedSkinBRDF.uasset" 337
"../../../Engine/Content/EngineMaterials/RemoveSurfaceMaterial.uasset" 338
"../../../Engine/Content/EngineMaterials/WeightMapPlaceholderTexture.uasset" 339
"../../../Engine/Content/EngineResources/WhiteSquareTexture.uasset" 340
"../../../Engine/Content/EngineMaterials/Widget3DPassThrough.uasset" 341
"../../../Engine/Content/EngineMaterials/Widget3DPassThrough_Masked.uasset" 342
"../../../Engine/Content/EngineMaterials/Widget3DPassThrough_Opaque.uasset" 343
"../../../Engine/Content/EngineMaterials/Widget3DPassThrough_Masked_OneSided.uasset" 344
"../../../Engine/Content/EngineMaterials/Widget3DPassThrough_Opaque_OneSided.uasset" 345
"../../../Engine/Content/EngineMaterials/Widget3DPassThrough_Translucent.uasset" 346
"../../../Engine/Content/EngineMaterials/Widget3DPassThrough_Translucent_OneSided.uasset" 347
"../../../Engine/Content/EngineMeshes/Cylinder.uasset" 348
"../../../Engine/Content/EngineMeshes/Sphere.uasset" 349
"../../../Engine/Content/EngineResources/Black.uasset" 350
"../../../Engine/Content/EngineResources/DefaultTexture.uasset" 351
"../../../Engine/Content/EngineResources/DefaultTextureCube.uasset" 352
"../../../Engine/Content/EngineResources/DefaultVolumeTexture2D.uasset" 353
"../../../Engine/Content/EngineResources/DefaultVolumeTexture.uasset" 354
"../../../Engine/Content/EngineResources/GradientTexture0.uasset" 355
"../../../Engine/Content/EngineSounds/Master.uasset" 356
"../../../Engine/Content/Functions/Engine_MaterialFunctions01/Shading/ConvertFromDiffSpec.uasset" 357
"../../../Engine/Content/Functions/Engine_MaterialFunctions01/Shading/PowerToRoughness.uasset" 358
"../../../Engine/Content/Maps/Templates/Thumbnails/Default.uasset" 359
"../../../Engine/Content/Maps/Templates/Thumbnails/VR-Basic.uasset" 360
"../../../Engine/Content/MobileResources/T_MobileControls_texture.uasset" 361
"../../../Engine/Content/MobileResources/T_MobileMenu2.uasset" 362
"../../../Engine/Content/MobileResources/HUD/AnalogHat.uasset" 363
"../../../Engine/Content/MobileResources/HUD/VirtualJoystick_Background.uasset" 364
"../../../Engine/Content/MobileResources/HUD/VirtualJoystick_Thumb.uasset" 365
"../../../Engine/Content/MobileResources/HUD/DefaultVirtualJoysticks.uasset" 366
"../../../Engine/Content/MobileResources/HUD/LeftVirtualJoystickOnly.uasset" 367
"../../../Engine/Content/MobileResources/HUD/MobileHUDButton1_off.uasset" 368
"../../../Engine/Content/MobileResources/HUD/MobileHUDButton1_on.uasset" 369
"../../../Engine/Content/MobileResources/HUD/MobileHUDButton2_off.uasset" 370
"../../../Engine/Content/MobileResources/HUD/MobileHUDButton2_on.uasset" 371
"../../../Engine/Content/MobileResources/HUD/MobileHUDButton3.uasset" 372
"../../../Engine/Content/MobileResources/HUD/MobileHUDButtonFire.uasset" 373
"../../../Engine/Content/MobileResources/HUD/MobileHUDDirectionPad.uasset" 374
"../../../Engine/Content/MobileResources/HUD/MobileHUDDirectionPad2.uasset" 375
"../../../Engine/Content/MobileResources/HUD/MobileHUDDirectionPad3.uasset" 376
"../../../Engine/Content/MobileResources/HUD/MobileHUDDirectionStick.uasset" 377
"../../../Engine/Content/MobileResources/HUD/T_Castle_ThumbstickInner.uasset" 378
"../../../Engine/Content/MobileResources/HUD/T_Castle_ThumbstickOutter.uasset" 379
"../../../Engine/Content/Tutorial/ContentIntroCurve.uasset" 380
"../../../Engine/Content/VREditor/LaserPointer/VR_LaserPower_01.uasset" 381
"../../../Engine/Content/VREditor/TransformGizmo/TransformGizmoMaterial.uasset" 382
"../../../Engine/Content/VREditor/TransformGizmo/TranslucentTransformGizmoMaterial.uasset" 383
"../../../Engine/Content/VREditor/TransformGizmo/BoundingBoxCorner.uasset" 384
"../../../Engine/Content/VREditor/TransformGizmo/BoundingBoxEdge.uasset" 385
"../../../Engine/Content/VREditor/TransformGizmo/PlaneTranslationHandle.uasset" 386
"../../../Engine/Content/VREditor/TransformGizmo/Main.uasset" 387
"../../../Engine/Content/VREditor/TransformGizmo/Xray.uasset" 388
"../../../Engine/Content/VREditor/TransformGizmo/SM_Sequencer_Key.uasset" 389
"../../../Engine/Content/VREditor/TransformGizmo/SM_Sequencer_Node.uasset" 390
"../../Plugins/2D/Paper2D/Content/PlaceholderTextures/DummySpriteTexture.uasset" 391
"../../Plugins/2D/Paper2D/Content/DummySprite.uasset" 392
"../../Plugins/2D/Paper2D/Content/DefaultPaperTerrainMaterial.uasset" 393
"../../Plugins/2D/Paper2D/Content/DefaultSpriteMaterial.uasset" 394
"../../Plugins/2D/Paper2D/Content/MaskedUnlitSpriteMaterial.uasset" 395
"../../Plugins/2D/Paper2D/Content/OpaqueUnlitSpriteMaterial.uasset" 396
"../../Plugins/Runtime/Oculus/OculusVR/Content/Materials/PokeAHoleMaterial.uasset" 397
"../../Plugins/Runtime/Oculus/OculusVR/Content/Textures/GearVRController_AO.uasset" 398
"../../Plugins/Runtime/Oculus/OculusVR/Content/Textures/GearVRController_Color.uasset" 399
"../../Plugins/Runtime/Oculus/OculusVR/Content/Textures/GearVRController_Normal.uasset" 400
"../../Plugins/Runtime/Oculus/OculusVR/Content/Materials/GearVRControllerMaterial.uasset" 401
"../../Plugins/Runtime/Oculus/OculusVR/Content/Meshes/GearVrController.uasset" 402
"../../Plugins/Runtime/Oculus/OculusVR/Content/Textures/touchController_albedo.uasset" 403
"../../Plugins/Runtime/Oculus/OculusVR/Content/Textures/touchController_controlmap.uasset" 404
"../../Plugins/Runtime/Oculus/OculusVR/Content/Materials/touchController_mat.uasset" 405
"../../Plugins/Runtime/Oculus/OculusVR/Content/Meshes/LeftTouchController.uasset" 406
"../../Plugins/Runtime/Oculus/OculusVR/Content/Meshes/RiftHMD.uasset" 407
"../../Plugins/Runtime/Oculus/OculusVR/Content/Meshes/RightTouchController.uasset" 408
"../../../Engine/Content/EngineSky/C_Sky_Cloud_Color.uasset" 409
"../../../Engine/Content/EngineSky/C_Sky_Horizon_Color.uasset" 410
"../../../Engine/Content/EngineSky/C_Sky_Zenith_Color.uasset" 411
"../../../Engine/Content/EngineSky/T_Sky_Blue.uasset" 412
"../../../Engine/Content/EngineSky/T_Sky_Clouds_M.uasset" 413
"../../../Engine/Content/EngineSky/T_Sky_Stars.uasset" 414
"../../../Engine/Content/EngineSky/M_Sky_Panning_Clouds2.uasset" 415
"../../../Engine/Content/EngineSky/SM_SkySphere.uasset" 416
"../../../Engine/Content/EngineSky/BP_Sky_Sphere.uasset" 417
"../../../../../../Users/132401/Documents/GitHub/Wizard_game/Content/FirstPersonBP/Ammo_Hud.uasset" 418
"../../../../../../Users/132401/Documents/GitHub/Wizard_game/Content/FirstPersonBP/Blueprints/FirstPersonGameMode.uasset" 419
"../../../../../../Users/132401/Documents/GitHub/Wizard_game/Content/Maps/Block_Colours_BuiltData.uasset" 420
"../../../../../../Users/132401/Documents/GitHub/Wizard_game/Content/Bases/E_Orange.uasset" 421
"../../../../../../Users/132401/Documents/GitHub/Wizard_game/Content/Bases/E_Pink.uasset" 422
"../../../../../../Users/132401/Documents/GitHub/Wizard_game/Content/Bases/E_Purple.uasset" 423
"../../../../../../Users/132401/Documents/GitHub/Wizard_game/Content/Bases/E_Red.uasset" 424
"../../../../../../Users/132401/Documents/GitHub/Wizard_game/Content/Bases/E_Yellow.uasset" 425
"../../../../../../Users/132401/Documents/GitHub/Wizard_game/Content/FirstPerson/Meshes/CubeMaterialOverride.uasset" 426
"../../../../../../Users/132401/Documents/GitHub/Wizard_game/Content/Geometry/Meshes/1M_Cube.uasset" 427
"../../../../../../Users/132401/Documents/GitHub/Wizard_game/Content/Maps/Block_Colours.umap" 428
"../../../../../../Users/132401/Documents/GitHub/Wizard_game/Content/FirstPersonBP/cubes/orangecube/M_Cube1M.uasset" 429
"../../../../../../Users/132401/Documents/GitHub/Wizard_game/Content/FirstPersonBP/cubes/orangecube/bluebox.uasset" 430
"../../../../../../Users/132401/Documents/GitHub/Wizard_game/Content/FirstPersonBP/cubes/orangecube/FbxScene_bruh.uasset" 431
"../../../../../../Users/132401/Documents/GitHub/Wizard_game/Content/Maps/level1_BuiltData.uasset" 432
"../../../Engine/Content/BasicShapes/BasicShapeMaterial.uasset" 433
"../../../Engine/Content/BasicShapes/Cube.uasset" 434
"../../../Engine/Content/MapTemplates/SM_Template_Map_Floor.uasset" 435
"../../../../../../Users/132401/Documents/GitHub/Wizard_game/Content/Maps/level1.umap" 436
"../../../../../../Users/132401/Documents/GitHub/Wizard_game/Content/Maps/Main_Menu.umap" 437
"../../../../../../Users/132401/Documents/GitHub/Wizard_game/Content/edginmap_BuiltData.uasset" 438
"../../../../../../Users/132401/Documents/GitHub/Wizard_game/Content/edginmap.umap" 439
"../../../../../../Users/132401/Documents/GitHub/Wizard_game/Content/FirstPersonBP/cryinginternally/Item/Item_Cauldron.uasset" 440
"../../../../../../Users/132401/Documents/GitHub/Wizard_game/Content/FirstPersonBP/cubes/orangecube/tolevel1.uasset" 441
"../../../../../../Users/132401/Documents/GitHub/Wizard_game/Content/FirstPersonBP/platforms_test/testplatform.uasset" 442
"../../../../../../Users/132401/Documents/GitHub/Wizard_game/Content/FirstPersonBP/Maps/FirstPersonExampleMap_BuiltData.uasset" 443
"../../../../../../Users/132401/Documents/GitHub/Wizard_game/Content/StarterContent/Textures/T_Metal_Rust_D.uasset" 444
"../../../../../../Users/132401/Documents/GitHub/Wizard_game/Content/StarterContent/Textures/T_Metal_Rust_N.uasset" 445
"../../../../../../Users/132401/Documents/GitHub/Wizard_game/Content/StarterContent/Coldren.uasset" 446
"../../../../../../Users/132401/Documents/GitHub/Wizard_game/Content/StarterContent/Textures/T_Wood_Oak_D.uasset" 447
"../../../../../../Users/132401/Documents/GitHub/Wizard_game/Content/StarterContent/Textures/T_Wood_Oak_N.uasset" 448
"../../../../../../Users/132401/Documents/GitHub/Wizard_game/Content/StarterContent/Textures/T_Wood_Oak_Mat.uasset" 449
"../../../../../../Users/132401/Documents/GitHub/Wizard_game/Content/StarterContent/Stone_wall_m_maps/Normal_Stone_wall.uasset" 450
"../../../../../../Users/132401/Documents/GitHub/Wizard_game/Content/StarterContent/Stone_wall_m_maps/Stone_wall.uasset" 451
"../../../../../../Users/132401/Documents/GitHub/Wizard_game/Content/Walls_M.uasset" 452
"../../../../../../Users/132401/Documents/GitHub/Wizard_game/Content/FirstPersonBP/Maps/FirstPersonExampleMap.umap" 453
"../../../../../../Users/132401/Documents/GitHub/Wizard_game/Content/StarterContent/Architecture/StarterContent/Blueprints/Assets/FogBrightnessLUT.uasset" 454
"../../../../../../Users/132401/Documents/GitHub/Wizard_game/Content/StarterContent/Architecture/StarterContent/Blueprints/Assets/SunlightColorLUT.uasset" 455
"../../../../../../Users/132401/Documents/GitHub/Wizard_game/Content/StarterContent/Architecture/StarterContent/Blueprints/Assets/M_LightStage_Arrows.uasset" 456
"../../../Engine/Content/MapTemplates/Sky/DaylightAmbientCubemap.uasset" 457
"../../../../../../Users/132401/Documents/GitHub/Wizard_game/Content/StarterContent/Architecture/StarterContent/Blueprints/Assets/M_LightStage_Skybox_Master.uasset" 458
"../../../../../../Users/132401/Documents/GitHub/Wizard_game/Content/StarterContent/Architecture/StarterContent/Blueprints/Assets/M_LightStage_Skybox_Black.uasset" 459
"../../../../../../Users/132401/Documents/GitHub/Wizard_game/Content/StarterContent/Architecture/StarterContent/Blueprints/Assets/M_LightStage_Skybox_HDRI.uasset" 460
"../../../Engine/Content/EditorMaterials/Thumbnails/SkySphereMaterial.uasset" 461
"../../../../../../Users/132401/Documents/GitHub/Wizard_game/Content/StarterContent/Architecture/StarterContent/Blueprints/Assets/Skybox.uasset" 462
"../../../../../../Users/132401/Documents/GitHub/Wizard_game/Content/StarterContent/Architecture/StarterContent/Blueprints/Assets/SM_Arrows.uasset" 463
"../../../../../../Users/132401/Documents/GitHub/Wizard_game/Content/StarterContent/Architecture/StarterContent/HDRI/HDRI_Epic_Courtyard_Daylight.uasset" 464
"../../../../../../Users/132401/Documents/GitHub/Wizard_game/Content/StarterContent/Architecture/StarterContent/Blueprints/BP_LightStudio.uasset" 465
"../../../../../../Users/132401/Documents/GitHub/Wizard_game/Content/StarterContent/Architecture/StarterContent/Maps/Advanced_Lighting_BuiltData.uasset" 466
"../../../../../../Users/132401/Documents/GitHub/Wizard_game/Content/StarterContent/Architecture/StarterContent/Materials/M_AssetPlatform.uasset" 467
"../../../Engine/Content/EditorMeshes/ColorCalibrator/M_ChromeBall.uasset" 468
"../../../Engine/Content/EditorMeshes/ColorCalibrator/M_ClearCoat.uasset" 469
"../../../Engine/Content/EditorMeshes/ColorCalibrator/M_ClearCoatBlack.uasset" 470
"../../../Engine/Content/EditorMeshes/ColorCalibrator/Color_checker.uasset" 471
"../../../Engine/Content/EditorMeshes/ColorCalibrator/M_ColorGrid.uasset" 472
"../../../Engine/Content/EditorMeshes/ColorCalibrator/M_GreyBall.uasset" 473
"../../../Engine/Content/EditorMeshes/ColorCalibrator/SM_ColorCalibrator.uasset" 474
"../../../../../../Users/132401/Documents/GitHub/Wizard_game/Content/StarterContent/Architecture/StarterContent/Architecture/SM_AssetPlatform.uasset" 475
"../../../../../../Users/132401/Documents/GitHub/Wizard_game/Content/StarterContent/Architecture/StarterContent/Maps/Advanced_Lighting.umap" 476
"../../../../../../Users/132401/Documents/GitHub/Wizard_game/Content/StarterContent/Architecture/StarterContent/Maps/Minimal_Default_BuiltData.uasset" 477
"../../../../../../Users/132401/Documents/GitHub/Wizard_game/Content/StarterContent/Architecture/StarterContent/Materials/M_Metal_Brushed_Nickel.uasset" 478
"../../../../../../Users/132401/Documents/GitHub/Wizard_game/Content/StarterContent/Architecture/StarterContent/Materials/M_Metal_Burnished_Steel.uasset" 479
"../../../../../../Users/132401/Documents/GitHub/Wizard_game/Content/StarterContent/Architecture/StarterContent/Materials/M_Metal_Copper.uasset" 480
"../../../../../../Users/132401/Documents/GitHub/Wizard_game/Content/StarterContent/Architecture/StarterContent/Materials/M_Basic_Floor.uasset" 481
"../../../../../../Users/132401/Documents/GitHub/Wizard_game/Content/StarterContent/Architecture/StarterContent/Architecture/Floor_400x400.uasset" 482
"../../../../../../Users/132401/Documents/GitHub/Wizard_game/Content/StarterContent/Architecture/StarterContent/Audio/Starter_Birds01.uasset" 483
"../../../../../../Users/132401/Documents/GitHub/Wizard_game/Content/StarterContent/Architecture/StarterContent/Audio/Starter_Wind05.uasset" 484
"../../../../../../Users/132401/Documents/GitHub/Wizard_game/Content/StarterContent/Architecture/StarterContent/Audio/Starter_Wind06.uasset" 485
"../../../../../../Users/132401/Documents/GitHub/Wizard_game/Content/StarterContent/Architecture/StarterContent/Audio/Starter_Background_Cue.uasset" 486
"../../../../../../Users/132401/Documents/GitHub/Wizard_game/Content/StarterContent/Architecture/StarterContent/Props/SM_Chair.uasset" 487
"../../../../../../Users/132401/Documents/GitHub/Wizard_game/Content/StarterContent/Architecture/StarterContent/Maps/Minimal_Default.umap" 488
"../../../../../../Users/132401/Documents/GitHub/Wizard_game/Content/StarterContent/Architecture/StarterContent/Audio/Fire01.uasset" 489
"../../../../../../Users/132401/Documents/GitHub/Wizard_game/Content/StarterContent/Architecture/StarterContent/Audio/Fire01_Cue.uasset" 490
"../../../../../../Users/132401/Documents/GitHub/Wizard_game/Content/StarterContent/Architecture/StarterContent/Particles/Materials/M_Fire_SubUV.uasset" 491
"../../../../../../Users/132401/Documents/GitHub/Wizard_game/Content/StarterContent/Architecture/StarterContent/Particles/Materials/M_Heat_Distortion.uasset" 492
"../../../../../../Users/132401/Documents/GitHub/Wizard_game/Content/StarterContent/Architecture/StarterContent/Particles/Materials/M_Radial_Gradient.uasset" 493
"../../../../../../Users/132401/Documents/GitHub/Wizard_game/Content/StarterContent/Architecture/StarterContent/Particles/P_Fire.uasset" 494
"../../../../../../Users/132401/Documents/GitHub/Wizard_game/Content/StarterContent/Architecture/StarterContent/Blueprints/Blueprint_Effect_Fire.uasset" 495
"../../../../../../Users/132401/Documents/GitHub/Wizard_game/Content/StarterContent/Architecture/StarterContent/Audio/Smoke01.uasset" 496
"../../../../../../Users/132401/Documents/GitHub/Wizard_game/Content/StarterContent/Architecture/StarterContent/Audio/Smoke01_Cue.uasset" 497
"../../../../../../Users/132401/Documents/GitHub/Wizard_game/Content/StarterContent/Architecture/StarterContent/Particles/P_Smoke.uasset" 498
"../../../../../../Users/132401/Documents/GitHub/Wizard_game/Content/StarterContent/Architecture/StarterContent/Blueprints/Blueprint_Effect_Smoke.uasset" 499
"../../../../../../Users/132401/Documents/GitHub/Wizard_game/Content/StarterContent/Architecture/StarterContent/Audio/Fire_Sparks01.uasset" 500
"../../../../../../Users/132401/Documents/GitHub/Wizard_game/Content/StarterContent/Architecture/StarterContent/Audio/Fire_Sparks01_Cue.uasset" 501
"../../../../../../Users/132401/Documents/GitHub/Wizard_game/Content/StarterContent/Architecture/StarterContent/Particles/Materials/M_Spark.uasset" 502
"../../../../../../Users/132401/Documents/GitHub/Wizard_game/Content/StarterContent/Architecture/StarterContent/Particles/P_Sparks.uasset" 503
"../../../../../../Users/132401/Documents/GitHub/Wizard_game/Content/StarterContent/Architecture/StarterContent/Blueprints/Blueprint_Effect_Sparks.uasset" 504
"../../../../../../Users/132401/Documents/GitHub/Wizard_game/Content/StarterContent/Architecture/StarterContent/Audio/Steam01.uasset" 505
"../../../../../../Users/132401/Documents/GitHub/Wizard_game/Content/StarterContent/Architecture/StarterContent/Audio/Steam01_Cue.uasset" 506
"../../../../../../Users/132401/Documents/GitHub/Wizard_game/Content/StarterContent/Architecture/StarterContent/Particles/P_Steam_Lit.uasset" 507
"../../../../../../Users/132401/Documents/GitHub/Wizard_game/Content/StarterContent/Architecture/StarterContent/Blueprints/Blueprint_Effect_Steam.uasset" 508
"../../../../../../Users/132401/Documents/GitHub/Wizard_game/Content/StarterContent/Architecture/StarterContent/Blueprints/Blueprint_CeilingLight.uasset" 509
"../../../../../../Users/132401/Documents/GitHub/Wizard_game/Content/StarterContent/Architecture/StarterContent/Blueprints/Blueprint_WallSconce.uasset" 510
"../../../../../../Users/132401/Documents/GitHub/Wizard_game/Content/StarterContent/Architecture/StarterContent/Maps/StarterMap_BuiltData.uasset" 511
"../../../Engine/Content/Functions/Engine_MaterialFunctions03/Procedurals/ComputeFilterWidth.uasset" 512
"../../../Engine/Content/EngineMaterials/AntiAliasedTextMaterialTranslucent.uasset" 513
"../../../../../../Users/132401/Documents/GitHub/Wizard_game/Content/StarterContent/Architecture/StarterContent/Materials/M_Brick_Clay_Beveled.uasset" 514
"../../../../../../Users/132401/Documents/GitHub/Wizard_game/Content/StarterContent/Architecture/StarterContent/Materials/M_Brick_Clay_New.uasset" 515
"../../../../../../Users/132401/Documents/GitHub/Wizard_game/Content/StarterContent/Architecture/StarterContent/Materials/M_Brick_Clay_Old.uasset" 516
"../../../../../../Users/132401/Documents/GitHub/Wizard_game/Content/StarterContent/Architecture/StarterContent/Materials/M_Brick_Cut_Stone.uasset" 517
"../../../../../../Users/132401/Documents/GitHub/Wizard_game/Content/StarterContent/Architecture/StarterContent/Materials/M_Brick_Hewn_Stone.uasset" 518
"../../../../../../Users/132401/Documents/GitHub/Wizard_game/Content/StarterContent/Architecture/StarterContent/Materials/M_Ceramic_Tile_Checker.uasset" 519
"../../../../../../Users/132401/Documents/GitHub/Wizard_game/Content/StarterContent/Architecture/StarterContent/Materials/M_CobbleStone_Pebble.uasset" 520
"../../../../../../Users/132401/Documents/GitHub/Wizard_game/Content/StarterContent/Architecture/StarterContent/Materials/M_CobbleStone_Rough.uasset" 521
"../../../../../../Users/132401/Documents/GitHub/Wizard_game/Content/StarterContent/Architecture/StarterContent/Materials/M_CobbleStone_Smooth.uasset" 522
"../../../../../../Users/132401/Documents/GitHub/Wizard_game/Content/StarterContent/Architecture/StarterContent/Materials/M_Concrete_Grime.uasset" 523
"../../../../../../Users/132401/Documents/GitHub/Wizard_game/Content/StarterContent/Architecture/StarterContent/Materials/M_Concrete_Panels.uasset" 524
"../../../../../../Users/132401/Documents/GitHub/Wizard_game/Content/StarterContent/Architecture/StarterContent/Materials/M_Concrete_Poured.uasset" 525
"../../../../../../Users/132401/Documents/GitHub/Wizard_game/Content/StarterContent/Architecture/StarterContent/Materials/M_Concrete_Tiles.uasset" 526
"../../../../../../Users/132401/Documents/GitHub/Wizard_game/Content/StarterContent/Architecture/StarterContent/Materials/M_Ground_Grass.uasset" 527
"../../../../../../Users/132401/Documents/GitHub/Wizard_game/Content/StarterContent/Architecture/StarterContent/Materials/M_Ground_Gravel.uasset" 528
"../../../../../../Users/132401/Documents/GitHub/Wizard_game/Content/StarterContent/Architecture/StarterContent/Materials/M_Ground_Moss.uasset" 529
"../../../../../../Users/132401/Documents/GitHub/Wizard_game/Content/StarterContent/Architecture/StarterContent/Materials/M_Metal_Chrome.uasset" 530
"../../../../../../Users/132401/Documents/GitHub/Wizard_game/Content/StarterContent/Architecture/StarterContent/Materials/M_Metal_Gold.uasset" 531
"../../../../../../Users/132401/Documents/GitHub/Wizard_game/Content/StarterContent/Architecture/StarterContent/Materials/M_Metal_Rust.uasset" 532
"../../../../../../Users/132401/Documents/GitHub/Wizard_game/Content/StarterContent/Architecture/StarterContent/Materials/M_Metal_Steel.uasset" 533
"../../../../../../Users/132401/Documents/GitHub/Wizard_game/Content/StarterContent/Architecture/StarterContent/Materials/M_Rock_Basalt.uasset" 534
"../../../../../../Users/132401/Documents/GitHub/Wizard_game/Content/StarterContent/Architecture/StarterContent/Materials/M_Rock_Marble_Polished.uasset" 535
"../../../../../../Users/132401/Documents/GitHub/Wizard_game/Content/StarterContent/Architecture/StarterContent/Materials/M_Rock_Sandstone.uasset" 536
"../../../../../../Users/132401/Documents/GitHub/Wizard_game/Content/StarterContent/Architecture/StarterContent/Materials/M_Rock_Slate.uasset" 537
"../../../../../../Users/132401/Documents/GitHub/Wizard_game/Content/StarterContent/Architecture/StarterContent/Materials/M_Tech_Checker_Dot.uasset" 538
"../../../../../../Users/132401/Documents/GitHub/Wizard_game/Content/StarterContent/Architecture/StarterContent/Materials/M_Tech_Hex_Tile.uasset" 539
"../../../../../../Users/132401/Documents/GitHub/Wizard_game/Content/StarterContent/Architecture/StarterContent/Materials/M_Tech_Hex_Tile_Pulse.uasset" 540
"../../../../../../Users/132401/Documents/GitHub/Wizard_game/Content/StarterContent/Architecture/StarterContent/Materials/M_Tech_Panel.uasset" 541
"../../../../../../Users/132401/Documents/GitHub/Wizard_game/Content/StarterContent/Architecture/StarterContent/Materials/M_Water_Lake.uasset" 542
"../../../../../../Users/132401/Documents/GitHub/Wizard_game/Content/StarterContent/Architecture/StarterContent/Materials/M_Water_Ocean.uasset" 543
"../../../../../../Users/132401/Documents/GitHub/Wizard_game/Content/StarterContent/Architecture/StarterContent/Materials/M_Wood_Floor_Walnut_Polished.uasset" 544
"../../../Engine/Content/Functions/Engine_MaterialFunctions01/Opacity/AlphaOffset.uasset" 545
"../../../../../../Users/132401/Documents/GitHub/Wizard_game/Content/StarterContent/Architecture/StarterContent/Materials/M_Wood_Floor_Walnut_Worn.uasset" 546
"../../../../../../Users/132401/Documents/GitHub/Wizard_game/Content/StarterContent/Architecture/StarterContent/Materials/M_Wood_Oak.uasset" 547
"../../../../../../Users/132401/Documents/GitHub/Wizard_game/Content/StarterContent/Architecture/StarterContent/Materials/M_Wood_Pine.uasset" 548
"../../../../../../Users/132401/Documents/GitHub/Wizard_game/Content/StarterContent/Architecture/StarterContent/Materials/M_Wood_Walnut.uasset" 549
"../../../../../../Users/132401/Documents/GitHub/Wizard_game/Content/StarterContent/Architecture/StarterContent/Architecture/Wall_400x200.uasset" 550
"../../../../../../Users/132401/Documents/GitHub/Wizard_game/Content/StarterContent/Architecture/StarterContent/Architecture/Wall_Door_400x300.uasset" 551
"../../../../../../Users/132401/Documents/GitHub/Wizard_game/Content/StarterContent/Architecture/StarterContent/Architecture/Wall_Window_400x300.uasset" 552
"../../../../../../Users/132401/Documents/GitHub/Wizard_game/Content/StarterContent/Architecture/StarterContent/Audio/Collapse01.uasset" 553
"../../../../../../Users/132401/Documents/GitHub/Wizard_game/Content/StarterContent/Architecture/StarterContent/Audio/Collapse02.uasset" 554
"../../../../../../Users/132401/Documents/GitHub/Wizard_game/Content/StarterContent/Architecture/StarterContent/Audio/Collapse_Cue.uasset" 555
"../../../../../../Users/132401/Documents/GitHub/Wizard_game/Content/StarterContent/Architecture/StarterContent/Audio/Starter_Music01.uasset" 556
"../../../../../../Users/132401/Documents/GitHub/Wizard_game/Content/StarterContent/Architecture/StarterContent/Audio/Starter_Music_Cue.uasset" 557
"../../../../../../Users/132401/Documents/GitHub/Wizard_game/Content/StarterContent/Architecture/StarterContent/Particles/Materials/M_Dust_Particle.uasset" 558
"../../../../../../Users/132401/Documents/GitHub/Wizard_game/Content/StarterContent/Architecture/StarterContent/Particles/P_Ambient_Dust.uasset" 559
"../../../../../../Users/132401/Documents/GitHub/Wizard_game/Content/StarterContent/Architecture/StarterContent/Props/MaterialSphere.uasset" 560
"../../../../../../Users/132401/Documents/GitHub/Wizard_game/Content/StarterContent/Architecture/StarterContent/Maps/StarterMap.umap" 561
"../../../Engine/Content/Maps/Entry_BuiltData.uasset" 562
"../../../Engine/Content/Maps/Entry.umap" 563
